A D/amd////
A D/apm////
A D/asm////
A D/atf////
A D/disktab////
A D/emul////
A D/fstab////
A D/ftpd////
A D/getdate////
A D/hostapd////
A D/isdn////
A D/lua////
A D/named////
A D/npf////
A D/pppd////
A D/pud////
A D/puffs////
A D/racoon////
A D/refuse////
A D/rump////
A D/secmodel////
A D/supfiles////
A D/syslogd////
A D/veriexecctl////
A D/verifiedexec_load////
A D/wpa_supplicant////
A D/wsmoused////
R D/verifiedexec_load////
R D/veriexecctl////
R D/supfiles////
R D/named////
R D/isdn////
R D/atf////
