A D/bootfloppy////
A D/bootfloppy-big////
A D/bootfloppy-com////
A D/bootfloppy-common////
A D/bootfloppy-laptop////
A D/bootfloppy-laptop-big////
A D/bootfloppy-ps2////
A D/bootfloppy-small////
A D/bootfloppy-tiny////
A D/common////
A D/fdset////
A D/fdset-com////
A D/fdset-common////
A D/fdset-laptop////
A D/inst////
A D/inst-common////
A D/instkernel////
A D/kc////
A D/kc-common////
A D/kcadp////
A D/kcaha////
A D/kcbt////
A D/kcoth////
A D/kernel-ramdisk////
A D/kernel-rescue////
A D/ramdisk////
A D/ramdisk-big////
A D/ramdisk-kernel////
A D/ramdisk-rescue////
A D/ramdisk-rescuesmall////
A D/ramdisk-rescuetiny////
A D/ramdisk-small////
A D/ramdisk-tiny////
A D/rescue-fdset////
A D/rescue-kernel////
A D/rescue-small////
A D/rescue-tiny////
A D/upgr////
R D/upgr////
R D/rescue-small////
R D/rescue-kernel////
R D/rescue-fdset////
R D/ramdisk-tiny////
R D/ramdisk-small////
R D/ramdisk-rescuetiny////
R D/ramdisk-rescuesmall////
R D/ramdisk-rescue////
R D/ramdisk-kernel////
R D/ramdisk-big////
R D/ramdisk////
R D/kernel-rescue////
R D/kernel-ramdisk////
R D/kcoth////
R D/kcbt////
R D/kcaha////
R D/kcadp////
R D/kc-common////
R D/kc////
R D/instkernel////
R D/inst-common////
R D/inst////
R D/fdset-laptop////
R D/fdset-common////
R D/fdset-com////
R D/fdset////
R D/bootfloppy-laptop-big////
R D/bootfloppy-laptop////
R D/bootfloppy-common////
