A D/man.pmppc////
A D/man4.acorn26////
A D/man4.acorn32////
A D/man4.alpha////
A D/man4.amiga////
A D/man4.arc////
A D/man4.arm26////
A D/man4.arm32////
A D/man4.atari////
A D/man4.cobalt////
A D/man4.dreamcast////
A D/man4.emips////
A D/man4.evbarm////
A D/man4.evbmips////
A D/man4.evbppc////
A D/man4.hp300////
A D/man4.hp700////
A D/man4.hpcarm////
A D/man4.hpcmips////
A D/man4.hpcsh////
A D/man4.hppa////
A D/man4.i386////
A D/man4.mac68k////
A D/man4.macppc////
A D/man4.mvme68k////
A D/man4.pc532////
A D/man4.pmax////
A D/man4.pmppc////
A D/man4.prep////
A D/man4.sandpoint////
A D/man4.sgimips////
A D/man4.sparc////
A D/man4.sparc64////
A D/man4.sun2////
A D/man4.sun3////
A D/man4.sun3x////
A D/man4.tahoe////
A D/man4.vax////
A D/man4.x68k////
A D/man4.x86////
R D/man4.tahoe////
R D/man4.sun3x////
R D/man4.pmppc////
R D/man4.pc532////
R D/man4.hp700////
R D/man4.arm32////
R D/man4.arm26////
R D/man4.acorn26////
R D/man.pmppc////
