A D/aac////
A D/accf_data////
A D/accf_dataready////
A D/accf_http////
A D/accf_httpready////
A D/acpiacad////
A D/acpibat////
A D/acpibut////
A D/acpicpu////
A D/acpidalb////
A D/acpifan////
A D/acpilid////
A D/acpipmtr////
A D/acpitz////
A D/acpiverbose////
A D/acpivga////
A D/acpiwdrt////
A D/acpiwmi////
A D/adosfs////
A D/aibs////
A D/aio////
A D/am2315temp////
A D/amdsmn////
A D/amdtemp////
A D/amdzentemp////
A D/amr////
A D/apple_smc////
A D/apple_smc_acpi////
A D/apple_smc_fan////
A D/apple_smc_temp////
A D/aps////
A D/arch////
A D/asus////
A D/ataraid////
A D/ath////
A D/ath_hal////
A D/ati_pcigart////
A D/au8522////
A D/audio////
A D/autofs////
A D/auvitek////
A D/azalia////
A D/blowfish////
A D/bpf////
A D/bpf_filter////
A D/bpfjit////
A D/bufq_disksort////
A D/bufq_fcfs////
A D/bufq_priocscan////
A D/bufq_readprio////
A D/cac////
A D/cac_eisa////
A D/cac_pci////
A D/camellia////
A D/cast128////
A D/ccd////
A D/cd9660////
A D/cgd////
A D/chfs////
A D/cir////
A D/clockctl////
A D/coda////
A D/coda5////
A D/compat////
A D/compat_09////
A D/compat_10////
A D/compat_12////
A D/compat_13////
A D/compat_14////
A D/compat_16////
A D/compat_20////
A D/compat_30////
A D/compat_40////
A D/compat_43////
A D/compat_50////
A D/compat_50_quota////
A D/compat_60////
A D/compat_70////
A D/compat_80////
A D/compat_90////
A D/compat_aoutm68k////
A D/compat_crypto_50////
A D/compat_freebsd////
A D/compat_ibcs2////
A D/compat_irix////
A D/compat_linux////
A D/compat_linux32////
A D/compat_netbsd32////
A D/compat_netbsd32_09////
A D/compat_netbsd32_10////
A D/compat_netbsd32_12////
A D/compat_netbsd32_13////
A D/compat_netbsd32_14////
A D/compat_netbsd32_16////
A D/compat_netbsd32_20////
A D/compat_netbsd32_30////
A D/compat_netbsd32_40////
A D/compat_netbsd32_43////
A D/compat_netbsd32_50////
A D/compat_netbsd32_60////
A D/compat_netbsd32_80////
A D/compat_netbsd32_90////
A D/compat_netbsd32_coredump////
A D/compat_netbsd32_mqueue////
A D/compat_netbsd32_nfssrv////
A D/compat_netbsd32_ptrace////
A D/compat_netbsd32_quota////
A D/compat_netbsd32_quota_50////
A D/compat_netbsd32_raid////
A D/compat_netbsd32_sysvipc////
A D/compat_netbsd32_sysvipc_10////
A D/compat_netbsd32_sysvipc_14////
A D/compat_netbsd32_sysvipc_50////
A D/compat_opencrypto_50////
A D/compat_ossaudio////
A D/compat_raid_50////
A D/compat_raid_80////
A D/compat_sunos////
A D/compat_sunos32////
A D/compat_svr4////
A D/compat_sysctl_09_43////
A D/compat_sysv////
A D/compat_sysv_10////
A D/compat_sysv_14////
A D/compat_sysv_50////
A D/compat_sysv_ipc////
A D/compat_util////
A D/coram////
A D/coredump////
A D/coredump_netbsd////
A D/coretemp////
A D/crypto////
A D/cx24227////
A D/cxdtv////
A D/cyclic////
A D/dbcool////
A D/des////
A D/dirhash////
A D/dk_subr////
A D/dm////
A D/drm////
A D/drm2////
A D/drm2pci////
A D/drmkms////
A D/drmkms_agp////
A D/drmkms_linux////
A D/drmkms_pci////
A D/drvctl////
A D/dtrace////
A D/dtv////
A D/dtv_math////
A D/efs////
A D/emdtv////
A D/est////
A D/example////
A D/examples////
A D/exec_aout////
A D/exec_ecoff////
A D/exec_elf32////
A D/exec_elf64////
A D/exec_script////
A D/ext2fs////
A D/fdesc////
A D/ffs////
A D/filecore////
A D/filecorefs////
A D/filemon////
A D/finsio////
A D/flash////
A D/fss////
A D/fujbp////
A D/fujhk////
A D/gpio////
A D/gpioiic////
A D/gpioirq////
A D/gpioow////
A D/gpiopps////
A D/gpiosim////
A D/hdafg////
A D/hdaudio////
A D/hdaudio_pci////
A D/hdaudioverbose////
A D/hfs////
A D/hifn////
A D/hpacel////
A D/hpet////
A D/hpqlb////
A D/hythygtemp////
A D/i2c_bitbang////
A D/i2cexec////
A D/i915drm////
A D/i915drm2////
A D/i915drmkms////
A D/ichsmb////
A D/if_agr////
A D/if_alc////
A D/if_aq////
A D/if_ath_pci////
A D/if_athn_usb////
A D/if_aue////
A D/if_axe////
A D/if_axen////
A D/if_cas////
A D/if_cdce////
A D/if_cue////
A D/if_faith////
A D/if_gif////
A D/if_gre////
A D/if_iavf////
A D/if_ixl////
A D/if_kue////
A D/if_l2tp////
A D/if_lagg////
A D/if_loop////
A D/if_mpls////
A D/if_mue////
A D/if_npflog////
A D/if_ppp////
A D/if_pppoe////
A D/if_rum////
A D/if_run////
A D/if_sl////
A D/if_smsc////
A D/if_srt////
A D/if_stf////
A D/if_strip////
A D/if_tap////
A D/if_tun////
A D/if_udav////
A D/if_upl////
A D/if_ure////
A D/if_url////
A D/if_urndis////
A D/if_urtwn////
A D/if_vioif////
A D/if_vlan////
A D/if_vmx////
A D/iic////
A D/imc////
A D/imcsmb////
A D/ip_ecn////
A D/ipl////
A D/ir////
A D/irmce////
A D/iscsi////
A D/itesio////
A D/kernfs////
A D/ksem////
A D/layerfs////
A D/ld////
A D/ld_aac////
A D/ld_amr////
A D/ld_ataraid////
A D/ld_cac////
A D/ld_icp////
A D/ld_mlx////
A D/ld_nvme////
A D/ld_sdmmc////
A D/ld_twa////
A D/ld_twe////
A D/ld_virtio////
A D/lfs////
A D/lg3303////
A D/lm////
A D/lm_isa////
A D/lm_isa_common////
A D/lm_wbsio////
A D/lua////
A D/luacore////
A D/luadata////
A D/luapmf////
A D/luasystm////
A D/mach64drm////
A D/mfs////
A D/mgadrm////
A D/midi////
A D/miiverbose////
A D/miniroot////
A D/mlx////
A D/mlx_eisa////
A D/mlx_pci////
A D/mqueue////
A D/msdos////
A D/msdosfs////
A D/mt2131////
A D/nand////
A D/nandemulator////
A D/ndis////
A D/nfs////
A D/nfsserver////
A D/nilfs////
A D/npf////
A D/npf_alg_icmp////
A D/npf_ext_log////
A D/npf_ext_normalise////
A D/npf_ext_normalize////
A D/npf_ext_rndblock////
A D/npf_ext_route////
A D/nsclpcsio////
A D/nsmb////
A D/ntfs////
A D/null////
A D/nullfs////
A D/nvme////
A D/nvmm////
A D/nxt2k////
A D/odcm////
A D/onewire////
A D/opencrypto////
A D/overlay////
A D/pad////
A D/padlock////
A D/panic////
A D/pciverbose////
A D/pf////
A D/portal////
A D/powernow////
A D/ppp////
A D/ppp_bsdcomp////
A D/ppp_deflate////
A D/procfs////
A D/pseye////
A D/ptrace////
A D/ptrace_common////
A D/ptyfs////
A D/pud////
A D/puffs////
A D/putter////
A D/pwdog////
A D/r128drm////
A D/radeondrm////
A D/raid////
A D/raidframe////
A D/savagedrm////
A D/scsiverbose////
A D/sdtemp////
A D/secmodel_bsd44////
A D/secmodel_extensions////
A D/secmodel_overlay////
A D/securechroot////
A D/securelevel////
A D/sequencer////
A D/si70xxtemp////
A D/sisdrm////
A D/skipjack////
A D/slcompress////
A D/sljit////
A D/smbfs////
A D/smsc////
A D/solaris////
A D/spdmem////
A D/spkr////
A D/spkr_synth////
A D/sppp_subr////
A D/srt////
A D/suser////
A D/swcrypto////
A D/swsensor////
A D/swwdog////
A D/sysmon////
A D/sysmon_envsys////
A D/sysmon_power////
A D/sysmon_taskq////
A D/sysmon_wdog////
A D/sysv_ipc////
A D/sysvbfs////
A D/tap////
A D/tco////
A D/tdfxdrm////
A D/thinkpad////
A D/tmpfs////
A D/tprof////
A D/tprof_amdpmi////
A D/tprof_pmi////
A D/tprof_x86////
A D/tun////
A D/tvpll////
A D/twa////
A D/twe////
A D/ualea////
A D/uatp////
A D/uaudio////
A D/ubsec////
A D/udf////
A D/ufs////
A D/umap////
A D/umapfs////
A D/union////
A D/unionfs////
A D/usb_net////
A D/usbnet////
A D/usbverbose////
A D/uvideo////
A D/v7fs////
A D/vboxdrm////
A D/vcoda////
A D/viac7temp////
A D/viadrm////
A D/viadrmums////
A D/vio9p////
A D/viomb////
A D/vioscsi////
A D/virtio////
A D/virtio_pci////
A D/vmt////
A D/vnd////
A D/wapbl////
A D/wbsio////
A D/wmidell////
A D/wmieeepc////
A D/wmihp////
A D/wmimsi////
A D/wsbell////
A D/xc3028////
A D/xc5k////
A D/xldscripts////
A D/zfs////
A D/zl10353////
A D/zlib////
R D/viadrm////
R D/usb_net////
R D/umapfs////
R D/tprof_pmi////
R D/tprof_amdpmi////
R D/spkr_synth////
R D/smbfs////
R D/securechroot////
R D/raidframe////
R D/ppp////
R D/portal////
R D/nullfs////
R D/npf_ext_route////
R D/npf_ext_normalise////
R D/ndis////
R D/msdosfs////
R D/luadata////
R D/luacore////
R D/ksem////
R D/if_strip////
R D/i915drm2////
R D/filemon////
R D/filecorefs////
R D/example////
R D/drm2pci////
R D/drm2////
R D/dirhash////
R D/coredump_netbsd////
R D/compat_sysv_ipc////
R D/compat_sysv////
R D/compat_svr4////
R D/compat_opencrypto_50////
R D/compat_netbsd32_14////
R D/compat_netbsd32_10////
R D/compat_irix////
R D/compat_ibcs2////
R D/compat////
R D/azalia////
R D/accf_http////
R D/accf_data////
