A D/am-utils////
A D/atf////
A D/bind////
A D/bzip2////
A D/cdk////
A D/dhcp////
A D/dhcpcd////
A D/file////
A D/hostapd////
A D/ipf////
A D/iscsi////
A D/libarchive////
A D/libpcap////
A D/nawk////
A D/ntp////
A D/nvi////
A D/openpam////
A D/pcc////
A D/pdisk////
A D/pf////
A D/pkg_install////
A D/pppd////
A D/smbfs////
A D/tcpdump////
A D/wpa////
A D/wpa_supplicant////
R D/wpa_supplicant////
R D/wpa////
R D/tcpdump////
R D/smbfs////
R D/pppd////
R D/pkg_install////
R D/pdisk////
R D/pcc////
R D/openpam////
R D/nvi////
R D/ntp////
R D/nawk////
R D/libpcap////
R D/libarchive////
R D/iscsi////
R D/ipf////
R D/hostapd////
R D/file////
R D/dhcpcd////
R D/dhcp////
R D/cdk////
R D/bzip2////
R D/bind////
R D/atf////
R D/am-utils////
