A D/acorn26////
A D/acorn32////
A D/alpha////
A D/amd64////
A D/amiga////
A D/arc////
A D/atari////
A D/bebox////
A D/cats////
A D/cobalt////
A D/dummy////
A D/emips////
A D/evbarm////
A D/evbarm64////
A D/evbmips////
A D/evbppc////
A D/evbsh3////
A D/ews4800mips////
A D/hp300////
A D/hpcarm////
A D/hpcmips////
A D/hpcsh////
A D/hppa////
A D/i386////
A D/landisk////
A D/luna68k////
A D/mac68k////
A D/macppc////
A D/mipsco////
A D/mvme68k////
A D/news68k////
A D/newsmips////
A D/ofppc////
A D/playstation2////
A D/pmax////
A D/prep////
A D/sandpoint////
A D/sgimips////
A D/shark////
A D/sparc////
A D/sparc64////
A D/vax////
A D/x68k////
A D/zaurus////
R D/evbarm64////
R D/acorn26////
