A D/_setjmp////
A D/arch////
A D/atexit////
A D/basename////
A D/cdb////
A D/citrus////
A D/clone////
A D/context////
A D/convfp////
A D/db////
A D/dirname////
A D/div////
A D/divrem////
A D/gdtoa////
A D/gen////
A D/getaddrinfo////
A D/hsearch////
A D/ieeefp////
A D/inet////
A D/int_fmtio////
A D/ldexp////
A D/locale////
A D/mbstowcs////
A D/md5sha////
A D/nsdispatch////
A D/popen////
A D/protoent////
A D/pty////
A D/randomid////
A D/regex////
A D/rpc////
A D/servent////
A D/setjmp////
A D/siginfo////
A D/sigsetjmp////
A D/ssp////
A D/stdio////
A D/stdlib////
A D/string////
A D/strptime////
A D/sys////
A D/time////
R D/time////
R D/sys////
R D/strptime////
R D/string////
R D/stdlib////
R D/stdio////
R D/ssp////
R D/sigsetjmp////
R D/siginfo////
R D/setjmp////
R D/servent////
R D/rpc////
R D/regex////
R D/randomid////
R D/pty////
R D/protoent////
R D/popen////
R D/nsdispatch////
R D/md5sha////
R D/mbstowcs////
R D/locale////
R D/ldexp////
R D/int_fmtio////
R D/inet////
R D/hsearch////
R D/getaddrinfo////
R D/gen////
R D/gdtoa////
R D/div////
R D/dirname////
R D/db////
R D/convfp////
R D/context////
R D/clone////
R D/citrus////
R D/cdb////
R D/basename////
R D/atexit////
R D/arch////
R D/_setjmp////
