A D/comp-c-bin////
A D/comp-c-catman////
A D/comp-c-include////
A D/comp-c-lib////
A D/comp-c-lintlib////
A D/comp-c-man////
A D/comp-c-piclib////
A D/comp-c-proflib////
A D/comp-c-root////
A D/comp-c-share////
A D/comp-c_locale-da////
A D/comp-c_locale-de////
A D/comp-c_locale-es////
A D/comp-c_locale-fr////
A D/comp-c_locale-ko////
A D/comp-c_locale-nl////
A D/comp-c_locale-no////
A D/comp-c_locale-pl////
A D/comp-c_locale-pt////
A D/comp-c_locale-sl////
A D/comp-c_locale-sv////
A D/comp-cvs-bin////
A D/comp-cvs-catman////
A D/comp-cvs-man////
A D/comp-cxx-bin////
A D/comp-cxx-catman////
A D/comp-cxx-include////
A D/comp-cxx-lib////
A D/comp-cxx-man////
A D/comp-cxx-piclib////
A D/comp-cxx-proflib////
A D/comp-debug-bin////
A D/comp-debug-catman////
A D/comp-debug-man////
A D/comp-debug-sbin////
A D/comp-fortran-bin////
A D/comp-fortran-catman////
A D/comp-fortran-lib////
A D/comp-fortran-man////
A D/comp-fortran-piclib////
A D/comp-fortran-proflib////
A D/comp-i18n-lib////
A D/comp-objc-bin////
A D/comp-objc-lib////
A D/comp-objc-piclib////
A D/comp-objc-proflib////
A D/comp-rune-lib////
A D/comp-sys-catman////
A D/comp-sys-man////
A D/comp-sysutil-catman////
A D/comp-sysutil-man////
A D/comp-sysutil-root////
A D/comp-sysutil-sbin////
A D/comp-util-bin////
A D/comp-util-catman////
A D/comp-util-man////
A D/comp-util-sbin////
A D/comp-util-share////
R D/comp-rune-lib////
