A D/aiomixer////
A D/apply////
A D/apropos////
A D/ar////
A D/asa////
A D/at////
A D/atf-check////
A D/atf-compile////
A D/atf-config////
A D/atf-report////
A D/atf-run////
A D/atf-version////
A D/audio////
A D/audiocfg////
A D/audioctl////
A D/awk////
A D/banner////
A D/base64////
A D/basename////
A D/bdes////
A D/biff////
A D/bthset////
A D/btkey////
A D/btpin////
A D/bzip2////
A D/bzip2recover////
A D/c11////
A D/c89////
A D/c99////
A D/cal////
A D/calendar////
A D/cap_mkdb////
A D/cdplay////
A D/checknr////
A D/chflags////
A D/chpass////
A D/cksum////
A D/cleantags////
A D/cmp////
A D/col////
A D/colcrt////
A D/colldef////
A D/colrm////
A D/column////
A D/comm////
A D/compile_et////
A D/compress////
A D/config////
A D/cpio////
A D/crontab////
A D/crunch////
A D/csplit////
A D/ctags////
A D/cut////
A D/cvslatest////
A D/db////
A D/dc////
A D/deroff////
A D/dirname////
A D/du////
A D/eject////
A D/elf2aout////
A D/elf2ecoff////
A D/elfstrip////
A D/elvis////
A D/elvisrecover////
A D/env////
A D/error////
A D/expand////
A D/extattr////
A D/false////
A D/fdeject////
A D/fdformat////
A D/fgen////
A D/file////
A D/fincore////
A D/find////
A D/finger////
A D/flock////
A D/fmt////
A D/fold////
A D/fpr////
A D/from////
A D/fsplit////
A D/fstat////
A D/ftp////
A D/gcore////
A D/genassym////
A D/gencat////
A D/getaddrinfo////
A D/getconf////
A D/getent////
A D/getopt////
A D/gettext////
A D/gprof////
A D/grep////
A D/groups////
A D/gss////
A D/gzip////
A D/head////
A D/hesinfo////
A D/hexdump////
A D/hxtool////
A D/iconv////
A D/id////
A D/indent////
A D/infocmp////
A D/innetgr////
A D/ipcrm////
A D/ipcs////
A D/join////
A D/jot////
A D/kdestroy////
A D/kdump////
A D/kf////
A D/kgetcred////
A D/kinit////
A D/klist////
A D/kpasswd////
A D/krb5-config////
A D/ktrace////
A D/ktruss////
A D/lam////
A D/last////
A D/lastcomm////
A D/ldd////
A D/leave////
A D/less////
A D/lex////
A D/locale////
A D/localedef////
A D/locate////
A D/lock////
A D/logger////
A D/login////
A D/logname////
A D/look////
A D/lorder////
A D/m4////
A D/machine////
A D/mail////
A D/make////
A D/man////
A D/menuc////
A D/mesg////
A D/midiplay////
A D/midirecord////
A D/mixerctl////
A D/mk_cmds////
A D/mkcsmapper////
A D/mkdep////
A D/mkesdb////
A D/mkfifo////
A D/mklocale////
A D/mkstr////
A D/mktemp////
A D/mkubootimage////
A D/modstat////
A D/moduli////
A D/more////
A D/msgc////
A D/msgs////
A D/nbperf////
A D/nbsvtool////
A D/nc////
A D/netgroup////
A D/netstat////
A D/newgrp////
A D/newsyslog////
A D/nfsstat////
A D/nice////
A D/nl////
A D/nm////
A D/nohup////
A D/nvi////
A D/openssl////
A D/pagesize////
A D/passwd////
A D/paste////
A D/patch////
A D/pathchk////
A D/paxctl////
A D/pcc////
A D/pkill////
A D/pmap////
A D/pmc////
A D/pr////
A D/printenv////
A D/printf////
A D/progress////
A D/pwait////
A D/pwhash////
A D/qsubst////
A D/quota////
A D/radioctl////
A D/ranlib////
A D/rcs////
A D/rdist////
A D/realpath////
A D/ref////
A D/renice////
A D/resize////
A D/rev////
A D/revoke////
A D/rfcomm_sppd////
A D/rlogin////
A D/rpcgen////
A D/rpcinfo////
A D/rs////
A D/rsh////
A D/rump_allserver////
A D/rump_dhcpclient////
A D/rump_halt////
A D/rump_miniserver////
A D/rump_server////
A D/rump_wmd////
A D/rup////
A D/ruptime////
A D/rusers////
A D/rwall////
A D/rwho////
A D/sccs////
A D/script////
A D/sdiff////
A D/sdpquery////
A D/sed////
A D/seq////
A D/shar////
A D/shlock////
A D/shmif_dumpbus////
A D/showmount////
A D/shuffle////
A D/size////
A D/skey////
A D/skeyinfo////
A D/skeyinit////
A D/sockstat////
A D/soelim////
A D/sort////
A D/sortinfo////
A D/spell////
A D/split////
A D/ssh////
A D/stat////
A D/string2key////
A D/strings////
A D/strip////
A D/su////
A D/symorder////
A D/sys_info////
A D/systat////
A D/tabs////
A D/tac////
A D/tail////
A D/talk////
A D/tcopy////
A D/tee////
A D/telnet////
A D/tftp////
A D/tic////
A D/time////
A D/timeout////
A D/tip////
A D/tn3270////
A D/top////
A D/touch////
A D/tpfmt////
A D/tput////
A D/tr////
A D/true////
A D/tset////
A D/tsort////
A D/tty////
A D/ul////
A D/uname////
A D/unexpand////
A D/unifdef////
A D/uniq////
A D/units////
A D/unvis////
A D/unzip////
A D/usbhidaction////
A D/usbhidctl////
A D/users////
A D/utoppya////
A D/uudecode////
A D/uuencode////
A D/uuidgen////
A D/vacation////
A D/verify_krb5_conf////
A D/vgrind////
A D/vi////
A D/videoctl////
A D/vis////
A D/vmstat////
A D/vndcompress////
A D/w////
A D/wall////
A D/wc////
A D/what////
A D/whatis////
A D/whereis////
A D/which////
A D/who////
A D/whoami////
A D/whois////
A D/window////
A D/write////
A D/xargs////
A D/xinstall////
A D/xlint////
A D/xstr////
A D/yacc////
A D/yes////
A D/ypcat////
A D/ypmatch////
A D/ypwhich////
R D/yacc////
R D/window////
R D/whoami////
R D/which////
R D/vi////
R D/verify_krb5_conf////
R D/tpfmt////
R D/top////
R D/tn3270////
R D/tac////
R D/symorder////
R D/strip////
R D/strings////
R D/string2key////
R D/ssh////
R D/size////
R D/sccs////
R D/rump_miniserver////
R D/ref////
R D/rcs////
R D/ranlib////
R D/pmc////
R D/pcc////
R D/paxctl////
R D/openssl////
R D/nvi////
R D/nm////
R D/more////
R D/modstat////
R D/mk_cmds////
R D/localedef////
R D/lex////
R D/less////
R D/krb5-config////
R D/kpasswd////
R D/kinit////
R D/kgetcred////
R D/kf////
R D/kdestroy////
R D/hxtool////
R D/gss////
R D/groups////
R D/file////
R D/fdeject////
R D/elvisrecover////
R D/elvis////
R D/elfstrip////
R D/crontab////
R D/cpio////
R D/compile_et////
R D/colldef////
R D/awk////
R D/audioctl////
R D/atf-version////
R D/atf-run////
R D/atf-report////
R D/atf-config////
R D/atf-compile////
R D/atf-check////
R D/ar////
