A D/edlabel////
A D/embedded////
A D/gzip_s////
A D/init_s////
A D/libhack////
A D/mksunbootcd////
A D/more////
A D/script-installer////
A D/sparkcrc////
A D/ssh////
A D/sysinst////
A D/tls////
A D/x_dd////
A D/x_dhclient////
A D/x_disklabel////
A D/x_dmesg////
A D/x_ed////
A D/x_fsck_ffs////
A D/x_ftp////
A D/x_gzip////
A D/x_ifconfig////
A D/x_mount////
A D/x_netstat////
A D/x_newfs////
A D/x_ping////
A D/x_ping6////
A D/x_route////
A D/x_sh////
A D/x_umount////
A D/zcat////
R D/x_sh////
R D/x_mount////
R D/x_ftp////
R D/x_dmesg////
R D/x_dhclient////
R D/x_dd////
R D/sysinst////
R D/mksunbootcd////
R D/init_s////
R D/gzip_s////
