A D/ac////
A D/accountant////
A D/accton////
A D/acpitools////
A D/altq////
A D/amd////
A D/apm////
A D/apmd////
A D/arp////
A D/authpf////
A D/autofs////
A D/bad144////
A D/bind////
A D/bootp////
A D/bootpd////
A D/bootpef////
A D/bootpgw////
A D/bootptest////
A D/bta2dpd////
A D/btattach////
A D/btconfig////
A D/btcontrol////
A D/btdevctl////
A D/bthcid////
A D/btpand////
A D/btuartd////
A D/catman////
A D/chown////
A D/chroot////
A D/chrtbl////
A D/cnwctl////
A D/config////
A D/config.new////
A D/config.old////
A D/cpuctl////
A D/crash////
A D/cron////
A D/dbsym////
A D/dev_mkdb////
A D/dhcp////
A D/dhcpd////
A D/diskpart////
A D/dumpfs////
A D/dumplfs////
A D/edquota////
A D/eeprom////
A D/envstat////
A D/eshconfig////
A D/etcupdate////
A D/extattrctl////
A D/faithd////
A D/flashctl////
A D/flcopy////
A D/fssconfig////
A D/fstyp////
A D/fsx////
A D/fusermount////
A D/fwctl////
A D/genassym////
A D/gettable////
A D/gifconfig////
A D/gpioctl////
A D/greconfig////
A D/grfconfig////
A D/grfinfo////
A D/gspa////
A D/hdaudioctl////
A D/hilinfo////
A D/hprop////
A D/hsoctl////
A D/htable////
A D/i2cscan////
A D/ifmcstat////
A D/ifwatchd////
A D/inetd////
A D/installboot////
A D/intrctl////
A D/iopctl////
A D/iostat////
A D/ip6addrctl////
A D/ipf////
A D/ipfstat////
A D/ipftest////
A D/ipmon////
A D/ipnat////
A D/iprop-log////
A D/ipwctl////
A D/irdaattach////
A D/iscsi////
A D/isdn////
A D/isibootd////
A D/iteconfig////
A D/iwictl////
A D/kadmin////
A D/kcm////
A D/kdc////
A D/kdigest////
A D/kgmon////
A D/kimpersonate////
A D/kleak////
A D/kstash////
A D/ktutil////
A D/kvm_mkdb////
A D/lastlogin////
A D/ldpd////
A D/link////
A D/lmcconfig////
A D/lockstat////
A D/lpr////
A D/lptctl////
A D/mailwrapper////
A D/makefs////
A D/makemandb////
A D/map-mbone////
A D/mbrlabel////
A D/mdconfig////
A D/mdsetimage////
A D/memswitch////
A D/mld6query////
A D/mlxctl////
A D/mmcformat////
A D/mopd////
A D/mountd////
A D/moused////
A D/mrinfo////
A D/mrouted////
A D/mscdlabel////
A D/mtest////
A D/mtrace////
A D/mtrace6////
A D/mtree////
A D/named////
A D/ndbootd////
A D/ndiscvt////
A D/ndp////
A D/netgroup_mkdb////
A D/nfsd////
A D/nfsiod////
A D/npf////
A D/ntp////
A D/nvmmctl////
A D/ofctl////
A D/paxctl////
A D/pcictl////
A D/perfused////
A D/pf////
A D/pim6dd////
A D/pim6sd////
A D/pkg_install////
A D/pmap////
A D/portmap////
A D/postinstall////
A D/powerd////
A D/pppd////
A D/psrset////
A D/pstat////
A D/puffs////
A D/pvcsif////
A D/pvctxctl////
A D/pwd_mkdb////
A D/quot////
A D/quotacheck////
A D/quotactl////
A D/quotaon////
A D/quotarestore////
A D/racoon////
A D/racoonctl////
A D/rarpd////
A D/rbootd////
A D/rdate////
A D/rdconfig////
A D/rdsetimage////
A D/repquota////
A D/rip6query////
A D/rmt////
A D/route6d////
A D/rpc.bootparamd////
A D/rpc.lockd////
A D/rpc.pcnfsd////
A D/rpc.statd////
A D/rpc.yppasswdd////
A D/rpcbind////
A D/rtadvd////
A D/rtsold////
A D/rwalld////
A D/rwhod////
A D/sa////
A D/schedctl////
A D/screenblank////
A D/sdpd////
A D/sendmail////
A D/service////
A D/services_mkdb////
A D/sesd////
A D/setkey////
A D/sliplogin////
A D/slstats////
A D/sntp////
A D/spamdb////
A D/spray////
A D/srtconfig////
A D/sti////
A D/sunlabel////
A D/sunndd////
A D/sup////
A D/sushi////
A D/swapinfo////
A D/sysctl////
A D/sysinst////
A D/syslogd////
A D/tadpolectl////
A D/tcpdchk////
A D/tcpdmatch////
A D/tcpdrop////
A D/tcpdump////
A D/timed////
A D/tpctl////
A D/tprof////
A D/traceroute////
A D/traceroute6////
A D/trpt////
A D/trsp////
A D/unlink////
A D/update////
A D/usbd////
A D/usbdevs////
A D/user////
A D/veriexecgen////
A D/videomode////
A D/vipw////
A D/vnconfig////
A D/wake////
A D/wakeonlan////
A D/wg-keygen////
A D/wg-userspace////
A D/wgconfig////
A D/wiconfig////
A D/wlanctl////
A D/wpa////
A D/wsconscfg////
A D/wsfontload////
A D/wsmoused////
A D/wsmuxctl////
A D/xntp////
A D/yp////
A D/ypbind////
A D/yppoll////
A D/ypserv////
A D/ypset////
A D/zdump////
A D/zic////
R D/yp////
R D/xntp////
R D/wpa////
R D/wake////
R D/usbd////
R D/update////
R D/trsp////
R D/tcpdump////
R D/sysctl////
R D/swapinfo////
R D/sushi////
R D/sup////
R D/sunndd////
R D/spamdb////
R D/sntp////
R D/slstats////
R D/setkey////
R D/sendmail////
R D/rwalld////
R D/rdsetimage////
R D/rdconfig////
R D/quotactl////
R D/pvctxctl////
R D/pvcsif////
R D/pppd////
R D/portmap////
R D/pmap////
R D/pkg_install////
R D/pim6sd////
R D/pim6dd////
R D/ntp////
R D/nfsiod////
R D/ndiscvt////
R D/named////
R D/mtrace6////
R D/mtest////
R D/mbrlabel////
R D/lmcconfig////
R D/ktutil////
R D/kstash////
R D/kleak////
R D/kimpersonate////
R D/kdigest////
R D/kdc////
R D/kcm////
R D/kadmin////
R D/isdn////
R D/iscsi////
R D/iprop-log////
R D/ipnat////
R D/ipmon////
R D/ipftest////
R D/ipfstat////
R D/ipf////
R D/htable////
R D/hsoctl////
R D/hprop////
R D/hilinfo////
R D/grfinfo////
R D/greconfig////
R D/gifconfig////
R D/gettable////
R D/genassym////
R D/fsx////
R D/flcopy////
R D/eshconfig////
R D/dhcpd////
R D/dhcp////
R D/dbsym////
R D/cron////
R D/config.old////
R D/config.new////
R D/config////
R D/chrtbl////
R D/chown////
R D/btuartd////
R D/btcontrol////
R D/bootptest////
R D/bootpgw////
R D/bootpef////
R D/bootpd////
R D/bind////
R D/authpf////
R D/amd////
R D/accountant////
