A D/atf////
A D/colldef////
A D/dict////
A D/doc////
A D/examples////
A D/i18n////
A D/installboot////
A D/ldscripts////
A D/legal////
A D/lkm////
A D/locale////
A D/man////
A D/me////
A D/misc////
A D/mk////
A D/mklocale////
A D/nls////
A D/pf////
A D/samples////
A D/skel////
A D/sushi////
A D/tabset////
A D/termcap////
A D/terminfo////
A D/timedef////
A D/tmac////
A D/wscons////
A D/xml////
A D/xsl////
A D/zoneinfo////
R D/zoneinfo////
R D/xsl////
R D/timedef////
R D/termcap////
R D/sushi////
R D/skel////
R D/samples////
R D/pf////
R D/mklocale////
R D/lkm////
R D/ldscripts////
R D/colldef////
R D/atf////
