A D/base-adosfs-lkm////
A D/base-adosfs-root////
A D/base-amd-bin////
A D/base-amd-examples////
A D/base-amd-shlib////
A D/base-audio-bin////
A D/base-bind-bin////
A D/base-bind-examples////
A D/base-bind-root////
A D/base-bootserver-bin////
A D/base-c-bin////
A D/base-c-usr////
A D/base-coda-lkm////
A D/base-cron-bin////
A D/base-cron-root////
A D/base-crypto-bin////
A D/base-crypto-examples////
A D/base-crypto-root////
A D/base-crypto-shlib////
A D/base-cxx-usr////
A D/base-debug-bin////
A D/base-dhclient-root////
A D/base-dhcpd-bin////
A D/base-dhcpd-examples////
A D/base-ext2fs-lkm////
A D/base-ext2fs-root////
A D/base-filecorefs-root////
A D/base-games-root////
A D/base-games-share////
A D/base-gnats-bin////
A D/base-gnats-share////
A D/base-groff-font////
A D/base-groff-share////
A D/base-hesiod-bin////
A D/base-htmldoc-share////
A D/base-i18n-shlib////
A D/base-ipf-bin////
A D/base-ipf-lkm////
A D/base-ipf-root////
A D/base-isdn-bin////
A D/base-krb4-root////
A D/base-krb4-shlib////
A D/base-krb5-bin////
A D/base-krb5-examples////
A D/base-krb5-root////
A D/base-krb5-shlib////
A D/base-locale-Pig////
A D/base-locale-af////
A D/base-locale-be////
A D/base-locale-bg////
A D/base-locale-bin////
A D/base-locale-ca////
A D/base-locale-cs////
A D/base-locale-da////
A D/base-locale-de////
A D/base-locale-el////
A D/base-locale-en////
A D/base-locale-eo////
A D/base-locale-es////
A D/base-locale-et////
A D/base-locale-eu////
A D/base-locale-fi////
A D/base-locale-fr////
A D/base-locale-gl////
A D/base-locale-he////
A D/base-locale-hr////
A D/base-locale-hu////
A D/base-locale-hy////
A D/base-locale-id////
A D/base-locale-is////
A D/base-locale-it////
A D/base-locale-ja////
A D/base-locale-kk////
A D/base-locale-ko////
A D/base-locale-lt////
A D/base-locale-nb////
A D/base-locale-nl////
A D/base-locale-nn////
A D/base-locale-no////
A D/base-locale-pl////
A D/base-locale-pt////
A D/base-locale-ro////
A D/base-locale-ru////
A D/base-locale-share////
A D/base-locale-sk////
A D/base-locale-sl////
A D/base-locale-sr////
A D/base-locale-sv////
A D/base-locale-tr////
A D/base-locale-uk////
A D/base-locale-zh////
A D/base-lpr-bin////
A D/base-lpr-root////
A D/base-lpr-usr////
A D/base-mail-bin////
A D/base-mail-root////
A D/base-mailwrapper-bin////
A D/base-man-bin////
A D/base-man-share////
A D/base-miscfs-examples////
A D/base-miscfs-lkm////
A D/base-miscfs-root////
A D/base-net-shlib////
A D/base-netutil-bin////
A D/base-netutil-examples////
A D/base-netutil-root////
A D/base-nfsclient-bin////
A D/base-nfsclient-root////
A D/base-nfsserver-bin////
A D/base-nis-bin////
A D/base-nis-root////
A D/base-ntfs-lkm////
A D/base-ntfs-root////
A D/base-ntp-bin////
A D/base-objc-usr////
A D/base-pf-bin////
A D/base-pf-lkm////
A D/base-pf-root////
A D/base-pkgutil-bin////
A D/base-postfix-bin////
A D/base-postfix-examples////
A D/base-postfix-root////
A D/base-postfix-usr////
A D/base-ppp-bin////
A D/base-psd-share////
A D/base-rcs-bin////
A D/base-reference-share////
A D/base-router-bin////
A D/base-router-root////
A D/base-secsh-bin////
A D/base-sendmail-bin////
A D/base-sendmail-root////
A D/base-sendmail-share////
A D/base-sendmail-usr////
A D/base-slip-bin////
A D/base-slip-root////
A D/base-smm-share////
A D/base-sup-bin////
A D/base-sup-examples////
A D/base-sushi-bin////
A D/base-sushi-share////
A D/base-sushi_locale-share////
A D/base-sys-devlinks////
A D/base-sys-examples////
A D/base-sys-lkm////
A D/base-sys-root////
A D/base-sys-share////
A D/base-sys-shlib////
A D/base-sys-usr////
A D/base-sysutil-bin////
A D/base-sysutil-examples////
A D/base-sysutil-root////
A D/base-sysutil-share////
A D/base-sysutil_locale-share////
A D/base-texinfo-bin////
A D/base-texinfo-share////
A D/base-texinfo_locale-de////
A D/base-texinfo_locale-fr////
A D/base-timed-bin////
A D/base-tn3270-bin////
A D/base-usd-share////
A D/base-util-bin////
A D/base-util-root////
A D/base-util-share////
A D/base-util_locale-de////
A D/base-util_locale-el////
A D/base-util_locale-es////
A D/base-util_locale-fr////
A D/base-util_locale-sv////
A D/base-uucp-bin////
A D/base-uucp-root////
R D/base-tn3270-bin////
R D/base-sys-lkm////
R D/base-sushi_locale-share////
R D/base-sushi-share////
R D/base-sushi-bin////
R D/base-pf-root////
R D/base-pf-lkm////
R D/base-pf-bin////
R D/base-ntfs-lkm////
R D/base-miscfs-lkm////
R D/base-krb4-shlib////
R D/base-krb4-root////
R D/base-isdn-bin////
R D/base-ipf-root////
R D/base-ipf-lkm////
R D/base-ipf-bin////
R D/base-ext2fs-lkm////
R D/base-dhclient-root////
R D/base-coda-lkm////
R D/base-adosfs-lkm////
