A D/misc-amd-examples////
A D/misc-bind-examples////
A D/misc-crypto-examples////
A D/misc-dhcpd-examples////
A D/misc-isdn-examples////
A D/misc-krb5-examples////
A D/misc-netutil-examples////
A D/misc-ntp-htmldoc////
A D/misc-postfix-examples////
A D/misc-psd-doc////
A D/misc-reference-share////
A D/misc-router-examples////
A D/misc-sendmail-share////
A D/misc-smm-doc////
A D/misc-sup-examples////
A D/misc-sys-examples////
A D/misc-sysutil-examples////
A D/misc-usd-doc////
A D/misc-util-htmldoc////
R D/misc-isdn-examples////
