A D/atf////
A D/autofs////
A D/bluetooth////
A D/default////
A D/defaults////
A D/etc.aarch64////
A D/etc.acorn26////
A D/etc.acorn32////
A D/etc.algor////
A D/etc.alpha////
A D/etc.amd64////
A D/etc.amiga////
A D/etc.amigappc////
A D/etc.arc////
A D/etc.arm26////
A D/etc.arm32////
A D/etc.atari////
A D/etc.bebox////
A D/etc.cats////
A D/etc.cesfic////
A D/etc.cobalt////
A D/etc.dreamcast////
A D/etc.emips////
A D/etc.epoc32////
A D/etc.evbarm////
A D/etc.evbcf////
A D/etc.evbmips////
A D/etc.evbppc////
A D/etc.evbsh3////
A D/etc.evbsh5////
A D/etc.ews4800mips////
A D/etc.hp300////
A D/etc.hp700////
A D/etc.hpcarm////
A D/etc.hpcmips////
A D/etc.hpcsh////
A D/etc.hppa////
A D/etc.i386////
A D/etc.ia64////
A D/etc.ibmnws////
A D/etc.iyonix////
A D/etc.landisk////
A D/etc.luna68k////
A D/etc.mac68k////
A D/etc.macppc////
A D/etc.mipsco////
A D/etc.mmeye////
A D/etc.mvme68k////
A D/etc.mvmeppc////
A D/etc.netwinder////
A D/etc.news68k////
A D/etc.newsmips////
A D/etc.next68k////
A D/etc.ofppc////
A D/etc.or1k////
A D/etc.pc532////
A D/etc.playstation2////
A D/etc.pmax////
A D/etc.pmppc////
A D/etc.prep////
A D/etc.riscv////
A D/etc.rs6000////
A D/etc.sandpoint////
A D/etc.sbmips////
A D/etc.sgimips////
A D/etc.shark////
A D/etc.sparc////
A D/etc.sparc64////
A D/etc.sun2////
A D/etc.sun3////
A D/etc.sun3x////
A D/etc.svr4////
A D/etc.ultrix////
A D/etc.vax////
A D/etc.walnut////
A D/etc.x68k////
A D/etc.x86_64////
A D/etc.xen////
A D/etc.zaurus////
A D/iscsi////
A D/kerberosIV////
A D/mtree////
A D/namedb////
A D/pam.d////
A D/periodic.d////
A D/powerd////
A D/ppp////
A D/rc.conf.d////
A D/rc.d////
A D/root////
A D/skel////
A D/ssh////
R D/rc.conf.d////
R D/ppp////
R D/periodic.d////
R D/kerberosIV////
R D/etc.xen////
R D/etc.x86_64////
R D/etc.walnut////
R D/etc.ultrix////
R D/etc.svr4////
R D/etc.sun3x////
R D/etc.pmppc////
R D/etc.pc532////
R D/etc.hp700////
R D/etc.evbsh5////
R D/etc.arm32////
R D/etc.arm26////
R D/etc.acorn26////
R D/default////
R D/atf////
