A D/man8.acorn26////
A D/man8.acorn32////
A D/man8.algor////
A D/man8.alpha////
A D/man8.amd64////
A D/man8.amiga////
A D/man8.arc////
A D/man8.arm26////
A D/man8.arm32////
A D/man8.atari////
A D/man8.bebox////
A D/man8.cats////
A D/man8.cesfic////
A D/man8.cobalt////
A D/man8.dreamcast////
A D/man8.emips////
A D/man8.evbarm////
A D/man8.evbmips////
A D/man8.evbppc////
A D/man8.evbsh3////
A D/man8.evbsh5////
A D/man8.hp300////
A D/man8.hp700////
A D/man8.hpcarm////
A D/man8.hpcmips////
A D/man8.hpcsh////
A D/man8.hppa////
A D/man8.i386////
A D/man8.ibmnws////
A D/man8.luna68k////
A D/man8.mac68k////
A D/man8.macppc////
A D/man8.mipsco////
A D/man8.mmeye////
A D/man8.mvme68k////
A D/man8.mvmeppc////
A D/man8.netwinder////
A D/man8.news68k////
A D/man8.newsmips////
A D/man8.next68k////
A D/man8.ofppc////
A D/man8.pc532////
A D/man8.playstation2////
A D/man8.pmax////
A D/man8.pmppc////
A D/man8.prep////
A D/man8.sandpoint////
A D/man8.sbmips////
A D/man8.sgimips////
A D/man8.shark////
A D/man8.sparc////
A D/man8.sparc64////
A D/man8.sun2////
A D/man8.sun3////
A D/man8.sun3x////
A D/man8.tahoe////
A D/man8.vax////
A D/man8.walnut////
A D/man8.x68k////
A D/man8.x86////
A D/man8.x86_64////
R D/man8.x86_64////
R D/man8.walnut////
R D/man8.tahoe////
R D/man8.sun3x////
R D/man8.shark////
R D/man8.sbmips////
R D/man8.pmppc////
R D/man8.playstation2////
R D/man8.pc532////
R D/man8.ofppc////
R D/man8.newsmips////
R D/man8.news68k////
R D/man8.netwinder////
R D/man8.mvmeppc////
R D/man8.mmeye////
R D/man8.mipsco////
R D/man8.luna68k////
R D/man8.ibmnws////
R D/man8.i386////
R D/man8.hp700////
R D/man8.evbsh5////
R D/man8.evbsh3////
R D/man8.evbppc////
R D/man8.evbmips////
R D/man8.cesfic////
R D/man8.cats////
R D/man8.bebox////
R D/man8.arm32////
R D/man8.arm26////
R D/man8.arc////
R D/man8.amd64////
R D/man8.algor////
R D/man8.acorn26////
