A D/amrctl////
A D/apmlabel////
A D/atactl////
A D/badsect////
A D/bim////
A D/bioctl////
A D/brconfig////
A D/canconfig////
A D/ccdconfig////
A D/cgdconfig////
A D/chkconfig////
A D/chown////
A D/clri////
A D/devfsd////
A D/devpubd////
A D/dhcpcd////
A D/disklabel////
A D/dkctl////
A D/dkscan_bsdlabel////
A D/dmctl////
A D/dmesg////
A D/drvctl////
A D/dump////
A D/dump_lfs////
A D/dumpfs////
A D/dumplfs////
A D/edlabel////
A D/fastboot////
A D/fdisk////
A D/fsck////
A D/fsck_ext2fs////
A D/fsck_ffs////
A D/fsck_lfs////
A D/fsck_msdos////
A D/fsck_v7fs////
A D/fsdb////
A D/fsirand////
A D/gpt////
A D/growfs////
A D/halt////
A D/ifconfig////
A D/init////
A D/ipf////
A D/iscsictl////
A D/iscsid////
A D/ldconfig////
A D/lmcctl////
A D/luactl////
A D/mbrlabel////
A D/mknod////
A D/modload////
A D/modstat////
A D/modunload////
A D/mount////
A D/mount_ados////
A D/mount_autofs////
A D/mount_cd9660////
A D/mount_chfs////
A D/mount_devfs////
A D/mount_efs////
A D/mount_ext2fs////
A D/mount_fdesc////
A D/mount_ffs////
A D/mount_filecore////
A D/mount_hfs////
A D/mount_hfsp////
A D/mount_isofs////
A D/mount_kernfs////
A D/mount_lfs////
A D/mount_lofs////
A D/mount_miscfs////
A D/mount_msdos////
A D/mount_nfs////
A D/mount_nilfs////
A D/mount_ntfs////
A D/mount_null////
A D/mount_overlay////
A D/mount_pcfs////
A D/mount_portal////
A D/mount_procfs////
A D/mount_ptyfs////
A D/mount_puffs////
A D/mount_qemufwcfg////
A D/mount_smbfs////
A D/mount_sysvbfs////
A D/mount_tmpfs////
A D/mount_udf////
A D/mount_umap////
A D/mount_union////
A D/mount_v7fs////
A D/mountd////
A D/newbtconf////
A D/newfs////
A D/newfs_ext2fs////
A D/newfs_lfs////
A D/newfs_msdos////
A D/newfs_sysvbfs////
A D/newfs_udf////
A D/newfs_v7fs////
A D/newlfs////
A D/nfsd////
A D/nfsiod////
A D/nologin////
A D/nvmectl////
A D/pdisk////
A D/pfctl////
A D/ping////
A D/ping6////
A D/pppoectl////
A D/quotacheck////
A D/racoon////
A D/raidctl////
A D/rcorder////
A D/reboot////
A D/resize_ffs////
A D/resize_lfs////
A D/restore////
A D/rndctl////
A D/route////
A D/routed////
A D/rtsol////
A D/savecore////
A D/savecore.old////
A D/scan_ffs////
A D/scanffs////
A D/scsictl////
A D/setkey////
A D/shutdown////
A D/slattach////
A D/svhlabel////
A D/swap////
A D/swapctl////
A D/swapon////
A D/sysctl////
A D/ttyflags////
A D/tunefs////
A D/umbctl////
A D/umount////
A D/veriexecctl////
A D/verifiedexec_load////
A D/vinum////
A D/wdctl////
A D/wdogctl////
A D/wsconsctl////
R D/wdctl////
R D/vinum////
R D/verifiedexec_load////
R D/swapon////
R D/swap////
R D/scanffs////
R D/savecore.old////
R D/rtsol////
R D/racoon////
R D/quotacheck////
R D/pfctl////
R D/pdisk////
R D/nfsiod////
R D/nfsd////
R D/newlfs////
R D/mountd////
R D/mount_smbfs////
R D/mount_pcfs////
R D/mount_miscfs////
R D/mount_lofs////
R D/mount_isofs////
R D/mount_hfsp////
R D/mount_devfs////
R D/lmcctl////
R D/ipf////
R D/halt////
R D/growfs////
R D/edlabel////
R D/dumplfs////
R D/dumpfs////
R D/dhcpcd////
R D/devfsd////
R D/bim////
