A D/alpha////
A D/arch////
A D/arm26////
A D/arm32////
A D/arm_elf////
A D/c++////
A D/common////
A D/common_aout////
A D/common_elf////
A D/g++////
A D/hp300////
A D/hppa////
A D/i386////
A D/i386_elf////
A D/ia64////
A D/m68k////
A D/m68k_elf////
A D/mips////
A D/ns32k////
A D/pc532////
A D/powerpc////
A D/powerpc64////
A D/sh3////
A D/sh3_elf////
A D/sh5////
A D/sparc////
A D/sparc64////
A D/sparc_elf////
A D/vax////
A D/vax_elf////
A D/x86_64////
R D/x86_64////
R D/vax_elf////
R D/vax////
R D/sparc_elf////
R D/sparc64////
R D/sparc////
R D/sh5////
R D/sh3_elf////
R D/sh3////
R D/powerpc64////
R D/powerpc////
R D/pc532////
R D/ns32k////
R D/mips////
R D/m68k_elf////
R D/m68k////
R D/ia64////
R D/i386_elf////
R D/i386////
R D/hppa////
R D/hp300////
R D/g++////
R D/common_elf////
R D/common_aout////
R D/c++////
R D/arm_elf////
R D/arm32////
R D/arm26////
R D/alpha////
