A D/acorn26////
A D/acorn32////
A D/alpha////
A D/amd64////
A D/amiga////
A D/arc////
A D/arm26////
A D/arm32////
A D/atari////
A D/bebox////
A D/cats////
A D/common////
A D/emips////
A D/evbarm////
A D/evbppc////
A D/ews4800mips////
A D/hp300////
A D/hp700////
A D/hpcarm////
A D/hpcmips////
A D/hpcsh////
A D/hppa////
A D/i386////
A D/landisk////
A D/mac68k////
A D/macppc////
A D/mmeye////
A D/mvme68k////
A D/news68k////
A D/newsmips////
A D/next68k////
A D/ofppc////
A D/pc532////
A D/pmax////
A D/pmppc////
A D/prep////
A D/rs6000////
A D/sandpoint////
A D/sgimips////
A D/shark////
A D/sparc////
A D/sparc64////
A D/sun2////
A D/sun3////
A D/sun3x////
A D/vax////
A D/walnut////
A D/x68k////
A D/xen////
R D/xen////
R D/walnut////
R D/sun3x////
R D/pmppc////
R D/pc532////
R D/hp700////
R D/arm32////
R D/arm26////
R D/acorn26////
