A D/cat////
A D/chio////
A D/chmod////
A D/cp////
A D/cpio////
A D/csh////
A D/date////
A D/dd////
A D/df////
A D/domainname////
A D/echo////
A D/ed////
A D/expr////
A D/getfacl////
A D/hostname////
A D/kill////
A D/ksh////
A D/l////
A D/ln////
A D/ls////
A D/mkdir////
A D/mt////
A D/mv////
A D/pax////
A D/ps////
A D/pwd////
A D/rcmd////
A D/rcorder////
A D/rcp////
A D/rm////
A D/rmail////
A D/rmdir////
A D/rsh////
A D/setfacl////
A D/sh////
A D/sleep////
A D/stty////
A D/sync////
A D/systrace////
A D/tar////
A D/test////
R D/tar////
R D/systrace////
R D/rsh////
R D/rmail////
R D/rcorder////
R D/l////
R D/cpio////
