A D/acorn26////
A D/acorn32////
A D/alpha////
A D/amd64////
A D/amiga////
A D/arc////
A D/arm32////
A D/atari////
A D/bebox////
A D/cats////
A D/cdrom////
A D/cobalt////
A D/common////
A D/crunch////
A D/dreamcast////
A D/emips////
A D/evbarm////
A D/evbarm64////
A D/evbmips////
A D/evbppc////
A D/evbsh3////
A D/ews4800mips////
A D/hp300////
A D/hp700////
A D/hpcarm////
A D/hpcmips////
A D/hpcsh////
A D/hppa////
A D/i386////
A D/ia64////
A D/ibmnws////
A D/landisk////
A D/luna68k////
A D/mac68k////
A D/macppc////
A D/miniroot////
A D/mipsco////
A D/mvme68k////
A D/mvmeppc////
A D/news68k////
A D/newsmips////
A D/notes////
A D/ofppc////
A D/pc532////
A D/playstation2////
A D/pmax////
A D/pmppc////
A D/prep////
A D/rescue////
A D/riscv////
A D/rs6000////
A D/sandpoint////
A D/sets////
A D/sgimips////
A D/shark////
A D/sparc////
A D/sparc64////
A D/sun2////
A D/sun3////
A D/sun3x////
A D/syspkg////
A D/utils////
A D/vax////
A D/walnut////
A D/x68k////
A D/x86_64////
A D/xen////
A D/zaurus////
R D/xen////
R D/x86_64////
R D/walnut////
R D/sun3x////
R D/rescue////
R D/pmppc////
R D/pc532////
R D/hp700////
R D/evbarm64////
R D/crunch////
R D/arm32////
R D/acorn26////
