A D/libagr////
A D/libagrif////
A D/libbpfjit////
A D/libbridge////
A D/libgif////
A D/libipsec////
A D/libl2tp////
A D/liblagg////
A D/liblocal////
A D/libnet////
A D/libnet80211////
A D/libnetbt////
A D/libnetcan////
A D/libnetinet////
A D/libnetinet6////
A D/libnetipsec////
A D/libnetmpls////
A D/libnpf////
A D/libpppoe////
A D/libshmif////
A D/libsockin////
A D/libtap////
A D/libtun////
A D/libvether////
A D/libvirtif////
A D/libvlan////
A D/libwg////
A D/libwireguard////
R D/libwireguard////
R D/libagrif////
