A D/cat////
A D/chmod////
A D/chown////
A D/chroot////
A D/cp////
A D/dd////
A D/df////
A D/disklabel////
A D/ed////
A D/fsck////
A D/fsck_ffs////
A D/ftp////
A D/gzip////
A D/ifconfig////
A D/init////
A D/less////
A D/ln////
A D/ls////
A D/mkdir////
A D/mknod////
A D/mount////
A D/mount_cd9660////
A D/mount_ffs////
A D/mount_filecore////
A D/mount_kernfs////
A D/mount_msdos////
A D/mount_nfs////
A D/mv////
A D/newfs////
A D/pax////
A D/ping////
A D/pwd////
A D/reboot////
A D/restore////
A D/rm////
A D/route////
A D/sed////
A D/sh////
A D/shutdown////
A D/slattach////
A D/stty////
A D/swapctl////
A D/sync////
A D/sysinst////
A D/test////
A D/tip////
A D/umount////
R D/umount////
R D/tip////
R D/test////
R D/sysinst////
R D/sync////
R D/swapctl////
R D/stty////
R D/slattach////
R D/shutdown////
R D/sh////
R D/sed////
R D/route////
R D/rm////
R D/restore////
R D/reboot////
R D/pwd////
R D/ping////
R D/pax////
R D/newfs////
R D/mv////
R D/mount_nfs////
R D/mount_msdos////
R D/mount_kernfs////
R D/mount_filecore////
R D/mount_ffs////
R D/mount_cd9660////
R D/mount////
R D/mknod////
R D/mkdir////
R D/ls////
R D/ln////
R D/less////
R D/init////
R D/ifconfig////
R D/gzip////
R D/ftp////
R D/fsck_ffs////
R D/fsck////
R D/ed////
R D/disklabel////
R D/df////
R D/dd////
R D/cp////
R D/chroot////
R D/chown////
R D/chmod////
R D/cat////
