A D/mount_9p////
A D/mount_portal////
A D/mount_psshfs////
A D/mount_puffs////
A D/mount_sysctlfs////
A D/rump_au-naturel////
A D/rump_cd9660////
A D/rump_efs////
A D/rump_ext2fs////
A D/rump_fdesc////
A D/rump_ffs////
A D/rump_hfs////
A D/rump_kernfs////
A D/rump_lfs////
A D/rump_msdos////
A D/rump_nfs////
A D/rump_nqmfs////
A D/rump_ntfs////
A D/rump_smbfs////
A D/rump_syspuffs////
A D/rump_sysvbfs////
A D/rump_tmpfs////
A D/rump_udf////
A D/rump_v7fs////
R D/rump_smbfs////
R D/mount_puffs////
R D/mount_portal////
