A D/bootfloppy////
A D/bootfloppy-common////
A D/bootfloppy.generic////
A D/bootfloppy.sysinst////
A D/common////
A D/inst////
A D/inst-common////
A D/instkernel////
A D/instkernel-common////
A D/instkernel.sysinst////
A D/kc////
A D/kc-common////
A D/ramdisk////
A D/ramdisk-common////
A D/ramdisk.sysinst////
A D/upgr////
R D/upgr////
R D/ramdisk.sysinst////
R D/ramdisk-common////
R D/kc-common////
R D/kc////
R D/instkernel.sysinst////
R D/instkernel-common////
R D/inst-common////
R D/inst////
R D/common////
R D/bootfloppy-common////
R D/bootfloppy////
