A D/etc-amd-rc////
A D/etc-bind-etc////
A D/etc-bind-rc////
A D/etc-bootserver-etc////
A D/etc-bootserver-rc////
A D/etc-cron-log////
A D/etc-cron-rc////
A D/etc-cron-root////
A D/etc-dhclient-etc////
A D/etc-dhclient-rc////
A D/etc-dhcpd-rc////
A D/etc-games-etc////
A D/etc-games-scores////
A D/etc-ipf-rc////
A D/etc-isdn-rc////
A D/etc-krb5-rc////
A D/etc-lpr-etc////
A D/etc-lpr-log////
A D/etc-lpr-rc////
A D/etc-mail-etc////
A D/etc-mailwrapper-etc////
A D/etc-man-etc////
A D/etc-net-etc////
A D/etc-net-rc////
A D/etc-netutil-etc////
A D/etc-netutil-log////
A D/etc-nfsserver-rc////
A D/etc-nis-rc////
A D/etc-nis-root////
A D/etc-ntp-etc////
A D/etc-ntp-rc////
A D/etc-postfix-etc////
A D/etc-postfix-rc////
A D/etc-ppp-rc////
A D/etc-root-root////
A D/etc-router-etc////
A D/etc-router-rc////
A D/etc-secsh-etc////
A D/etc-secsh-rc////
A D/etc-sendmail-etc////
A D/etc-sendmail-log////
A D/etc-sendmail-rc////
A D/etc-sys-defaults////
A D/etc-sys-etc////
A D/etc-sys-log////
A D/etc-sys-rc////
A D/etc-sys-root////
A D/etc-sysutil-etc////
A D/etc-sysutil-log////
A D/etc-timed-rc////
A D/etc-util-etc////
A D/etc-uucp-etc////
A D/etc-uucp-log////
A D/etc-x11-rc////
R D/etc-isdn-rc////
R D/etc-dhclient-rc////
R D/etc-dhclient-etc////
